<?xml version="1.0" encoding="UTF-8"?>
<testsuite name="com.example.ExampleSpecification" tests="1" skipped="0" failures="0" errors="0" timestamp="2022-07-24T13:23:53" hostname="DESKTOP-EEI1UG1" time="1.32">
  <properties/>
  <testcase name="mock a concrete class" classname="com.example.ExampleSpecification" time="1.32"/>
  <system-out><![CDATA[]]></system-out>
  <system-err><![CDATA[]]></system-err>
</testsuite>
