<?xml version="1.0" encoding="UTF-8"?>
<testsuite name="com.example.ExampleSpecification" tests="3" skipped="0" failures="0" errors="0" timestamp="2022-07-24T10:40:53" hostname="DESKTOP-EEI1UG1" time="0.065">
  <properties/>
  <testcase name="Use data tables for calculating maximum [a: 1, b: 3, max: 3, #0]" classname="com.example.ExampleSpecification" time="0.047"/>
  <testcase name="Use data tables for calculating maximum [a: 4, b: 2, max: 4, #1]" classname="com.example.ExampleSpecification" time="0.001"/>
  <testcase name="Use data tables for calculating maximum [a: 5, b: 5, max: 5, #2]" classname="com.example.ExampleSpecification" time="0.0"/>
  <system-out><![CDATA[]]></system-out>
  <system-err><![CDATA[]]></system-err>
</testsuite>
